<?xml version="1.0" encoding="UTF-8"?>
<!-- Generated by org.testng.reporters.JUnitXMLReporter -->
<testsuite ignored="0" hostname="DESKTOP-KTHKFE5" failures="1" tests="56" name="Test" time="93.28" errors="0" timestamp="2021-01-04T04:17:42 IST">
  <testcase classname="tests.base_test" name="getResponseTime" time="1.406"/>
  <testcase classname="tests.base_test" name="getStatusCode" time="0.415"/>
  <testcase classname="tests.cart_test" name="t01_loginSucceed" time="3.751"/>
  <testcase classname="tests.cart_test" name="t02_addListItems" time="0.585"/>
  <testcase classname="tests.cart_test" name="t03_remvoeItem" time="0.063"/>
  <testcase classname="tests.cart_test" name="t04_continueShopping" time="0.177"/>
  <testcase classname="tests.cart_test" name="t05_numOfItems" time="1.038"/>
  <testcase classname="tests.cart_test" name="t06_clickCheckOut" time="0.268"/>
  <testcase classname="tests.base_test" name="getResponseTime" time="0.487"/>
  <testcase classname="tests.base_test" name="getStatusCode" time="0.416"/>
  <testcase classname="tests.checkout_step_one_test" name="t01_loginSucceed" time="4.047"/>
  <testcase classname="tests.checkout_step_one_test" name="t02_addListItems" time="0.469"/>
  <testcase classname="tests.checkout_step_one_test" name="t03_clickCheckOut" time="0.164"/>
  <testcase classname="tests.checkout_step_one_test" name="t04_personalWrongFirstName" time="2.34"/>
  <testcase classname="tests.checkout_step_one_test" name="t05_personalCorrectDetails" time="0.489"/>
  <testcase classname="tests.base_test" name="getResponseTime" time="0.43"/>
  <testcase classname="tests.base_test" name="getStatusCode" time="0.438"/>
  <testcase classname="tests.inventory_test" name="t01_loginSucceed" time="4.765"/>
  <testcase classname="tests.inventory_test" name="t02_addOneItemAndBack" time="0.372"/>
  <testcase classname="tests.inventory_test" name="t03_addListItems" time="0.314"/>
  <testcase classname="tests.inventory_test" name="t04_lowToHigh" time="0.281"/>
  <testcase classname="tests.inventory_test" name="t05_highToLowh" time="0.245"/>
  <testcase classname="tests.inventory_test" name="t06_ZToA" time="0.069"/>
  <testcase classname="tests.inventory_test" name="t07_logOut" time="0.358"/>
  <testcase classname="tests.base_test" name="getResponseTime" time="0.477"/>
  <testcase classname="tests.base_test" name="getStatusCode" time="0.438"/>
  <testcase classname="tests.login_test" name="t01_loginFailedFromTable" time="1.286"/>
  <testcase classname="tests.login_test" name="t01_loginFailedFromTable" time="1.218"/>
  <testcase classname="tests.login_test" name="t01_loginFailedFromTable" time="1.219"/>
  <testcase classname="tests.login_test" name="t01_loginFailedFromTable" time="1.219"/>
  <testcase classname="tests.login_test" name="t02_loginFailedMatchAssert" time="1.206"/>
  <testcase classname="tests.login_test" name="t03_loginFailedNoMatchAssert" time="1.204">
    <failure type="java.lang.AssertionError" message="expected [Sorry! Epic sadface: Username and password do not match any user in this service] but found [Epic sadface: Username and password do not match any user in this service]">
      <![CDATA[java.lang.AssertionError: expected [Sorry! Epic sadface: Username and password do not match any user in this service] but found [Epic sadface: Username and password do not match any user in this service]
at tests.login_test.t03_loginFailedNoMatchAssert(login_test.java:33)
at java.base/java.util.ArrayList.forEach(ArrayList.java:1511)
... Removed 32 stack frames]]>
    </failure>
  </testcase> <!-- t03_loginFailedNoMatchAssert -->
  <testcase classname="tests.login_test" name="t04_loginSucceed" time="3.159"/>
  <testcase classname="tests.base_test" name="getResponseTime" time="0.488"/>
  <testcase classname="tests.base_test" name="getStatusCode" time="0.421"/>
  <testcase classname="tests.base_test" name="getResponseTime" time="0.398"/>
  <testcase classname="tests.base_test" name="getStatusCode" time="0.422"/>
  <testcase classname="tests.checkout_complete_test" name="t01_loginSucceed" time="2.633"/>
  <testcase classname="tests.checkout_complete_test" name="t02_addListItems" time="0.477"/>
  <testcase classname="tests.checkout_complete_test" name="t03_clickCheckOut" time="0.189"/>
  <testcase classname="tests.checkout_complete_test" name="t04_personalCorrectDetails" time="0.556"/>
  <testcase classname="tests.checkout_complete_test" name="t05_finish" time="0.424"/>
  <testcase classname="tests.checkout_complete_test" name="t06_printMessage" time="0.038"/>
  <testcase classname="tests.checkout_complete_test" name="t07_finishOrder" time="0.015"/>
  <testcase classname="tests.checkout_complete_test" name="t09_logOut" time="0.247"/>
  <testcase classname="tests.base_test" name="getResponseTime" time="0.412"/>
  <testcase classname="tests.base_test" name="getStatusCode" time="0.459"/>
  <testcase classname="tests.checkout_step_two_test" name="t01_loginSucceed" time="3.024"/>
  <testcase classname="tests.checkout_step_two_test" name="t02_addListItems" time="0.462"/>
  <testcase classname="tests.checkout_step_two_test" name="t03_clickCheckOut" time="0.181"/>
  <testcase classname="tests.checkout_step_two_test" name="t04_personalCorrectDetails" time="0.434"/>
  <testcase classname="tests.checkout_step_two_test" name="t05_printSauceCard" time="0.033"/>
  <testcase classname="tests.checkout_step_two_test" name="t06_printItemTotal" time="0.031"/>
  <testcase classname="tests.checkout_step_two_test" name="t07_printTax" time="0.032"/>
  <testcase classname="tests.checkout_step_two_test" name="t08_printTotal" time="0.031"/>
  <testcase classname="tests.checkout_step_two_test" name="t09_finish" time="0.264"/>
</testsuite> <!-- Test -->
